# JRE version: Java(TM) SE Runtime Environment (8.0_92-b14) (build 1.8.0_92-b14)
# Java VM: Java HotSpot(TM) 64-Bit Server VM (25.92-b14 mixed mode windows-amd64 compressed oops)
Heap:
 PSYoungGen      total 65024K, used 4062K [0x00000000d9580000, 0x00000000de200000, 0x0000000100000000)
  eden space 60416K, 6% used [0x00000000d9580000,0x00000000d99778a8,0x00000000dd080000)
  from space 4608K, 0% used [0x00000000dd080000,0x00000000dd080000,0x00000000dd500000)
  to   space 8192K, 0% used [0x00000000dda00000,0x00000000dda00000,0x00000000de200000)
 ParOldGen       total 89600K, used 10864K [0x000000008c000000, 0x0000000091780000, 0x00000000d9580000)
  object space 89600K, 12% used [0x000000008c000000,0x000000008ca9c348,0x0000000091780000)
 Metaspace       used 34411K, capacity 35614K, committed 35712K, reserved 1079296K
  class space    used 4941K, capacity 5167K, committed 5248K, reserved 1048576K
GC Heap History (10 events):
Event: 2.889 GC heap before
{Heap before GC invocations=3 (full 0):
 PSYoungGen      total 34816K, used 19263K [0x00000000d9580000, 0x00000000dd980000, 0x0000000100000000)
  eden space 30208K, 48% used [0x00000000d9580000,0x00000000da3d0680,0x00000000db300000)
  from space 4608K, 99% used [0x00000000db780000,0x00000000dbbff6c8,0x00000000dbc00000)
  to   space 4608K, 0% used [0x00000000db300000,0x00000000db300000,0x00000000db780000)
 ParOldGen       total 79360K, used 2268K [0x000000008c000000, 0x0000000090d80000, 0x00000000d9580000)
  object space 79360K, 2% used [0x000000008c000000,0x000000008c2373b8,0x0000000090d80000)
 Metaspace       used 20638K, capacity 21116K, committed 21296K, reserved 1067008K
  class space    used 2752K, capacity 2894K, committed 2944K, reserved 1048576K
Event: 2.900 GC heap after
Heap after GC invocations=3 (full 0):
 PSYoungGen      total 34816K, used 4592K [0x00000000d9580000, 0x00000000dd980000, 0x0000000100000000)
  eden space 30208K, 0% used [0x00000000d9580000,0x00000000d9580000,0x00000000db300000)
  from space 4608K, 99% used [0x00000000db300000,0x00000000db77c3b8,0x00000000db780000)
  to   space 4608K, 0% used [0x00000000dd500000,0x00000000dd500000,0x00000000dd980000)
 ParOldGen       total 79360K, used 4361K [0x000000008c000000, 0x0000000090d80000, 0x00000000d9580000)
  object space 79360K, 5% used [0x000000008c000000,0x000000008c4425d8,0x0000000090d80000)
 Metaspace       used 20638K, capacity 21116K, committed 21296K, reserved 1067008K
  class space    used 2752K, capacity 2894K, committed 2944K, reserved 1048576K
}
Event: 2.900 GC heap before
{Heap before GC invocations=4 (full 1):
 PSYoungGen      total 34816K, used 4592K [0x00000000d9580000, 0x00000000dd980000, 0x0000000100000000)
  eden space 30208K, 0% used [0x00000000d9580000,0x00000000d9580000,0x00000000db300000)
  from space 4608K, 99% used [0x00000000db300000,0x00000000db77c3b8,0x00000000db780000)
  to   space 4608K, 0% used [0x00000000dd500000,0x00000000dd500000,0x00000000dd980000)
 ParOldGen       total 79360K, used 4361K [0x000000008c000000, 0x0000000090d80000, 0x00000000d9580000)
  object space 79360K, 5% used [0x000000008c000000,0x000000008c4425d8,0x0000000090d80000)
 Metaspace       used 20638K, capacity 21116K, committed 21296K, reserved 1067008K
  class space    used 2752K, capacity 2894K, committed 2944K, reserved 1048576K
Event: 2.940 GC heap after
Heap after GC invocations=4 (full 1):
 PSYoungGen      total 34816K, used 0K [0x00000000d9580000, 0x00000000dd980000, 0x0000000100000000)
  eden space 30208K, 0% used [0x00000000d9580000,0x00000000d9580000,0x00000000db300000)
  from space 4608K, 0% used [0x00000000db300000,0x00000000db300000,0x00000000db780000)
  to   space 4608K, 0% used [0x00000000dd500000,0x00000000dd500000,0x00000000dd980000)
 ParOldGen       total 57344K, used 6642K [0x000000008c000000, 0x000000008f800000, 0x00000000d9580000)
  object space 57344K, 11% used [0x000000008c000000,0x000000008c67c840,0x000000008f800000)
 Metaspace       used 20638K, capacity 21116K, committed 21296K, reserved 1067008K
  class space    used 2752K, capacity 2894K, committed 2944K, reserved 1048576K
}
Event: 3.717 GC heap before
{Heap before GC invocations=5 (full 1):
 PSYoungGen      total 34816K, used 30208K [0x00000000d9580000, 0x00000000dd980000, 0x0000000100000000)
  eden space 30208K, 100% used [0x00000000d9580000,0x00000000db300000,0x00000000db300000)
  from space 4608K, 0% used [0x00000000db300000,0x00000000db300000,0x00000000db780000)
  to   space 4608K, 0% used [0x00000000dd500000,0x00000000dd500000,0x00000000dd980000)
 ParOldGen       total 57344K, used 6642K [0x000000008c000000, 0x000000008f800000, 0x00000000d9580000)
  object space 57344K, 11% used [0x000000008c000000,0x000000008c67c840,0x000000008f800000)
 Metaspace       used 25655K, capacity 26146K, committed 26496K, reserved 1073152K
  class space    used 3512K, capacity 3631K, committed 3712K, reserved 1048576K
Event: 3.725 GC heap after
Heap after GC invocations=5 (full 1):
 PSYoungGen      total 48640K, used 4598K [0x00000000d9580000, 0x00000000dd980000, 0x0000000100000000)
  eden space 44032K, 0% used [0x00000000d9580000,0x00000000d9580000,0x00000000dc080000)
  from space 4608K, 99% used [0x00000000dd500000,0x00000000dd97d808,0x00000000dd980000)
  to   space 4608K, 0% used [0x00000000dd080000,0x00000000dd080000,0x00000000dd500000)
 ParOldGen       total 57344K, used 7208K [0x000000008c000000, 0x000000008f800000, 0x00000000d9580000)
  object space 57344K, 12% used [0x000000008c000000,0x000000008c70a340,0x000000008f800000)
 Metaspace       used 25655K, capacity 26146K, committed 26496K, reserved 1073152K
  class space    used 3512K, capacity 3631K, committed 3712K, reserved 1048576K
}
Event: 6.942 GC heap before
{Heap before GC invocations=6 (full 1):
 PSYoungGen      total 48640K, used 39965K [0x00000000d9580000, 0x00000000dd980000, 0x0000000100000000)
  eden space 44032K, 80% used [0x00000000d9580000,0x00000000db809f70,0x00000000dc080000)
  from space 4608K, 99% used [0x00000000dd500000,0x00000000dd97d808,0x00000000dd980000)
  to   space 4608K, 0% used [0x00000000dd080000,0x00000000dd080000,0x00000000dd500000)
 ParOldGen       total 57344K, used 7208K [0x000000008c000000, 0x000000008f800000, 0x00000000d9580000)
  object space 57344K, 12% used [0x000000008c000000,0x000000008c70a340,0x000000008f800000)
 Metaspace       used 34190K, capacity 35322K, committed 35456K, reserved 1079296K
  class space    used 4907K, capacity 5133K, committed 5248K, reserved 1048576K
Event: 6.952 GC heap after
Heap after GC invocations=6 (full 1):
 PSYoungGen      total 65024K, used 4588K [0x00000000d9580000, 0x00000000de200000, 0x0000000100000000)
  eden space 60416K, 0% used [0x00000000d9580000,0x00000000d9580000,0x00000000dd080000)
  from space 4608K, 99% used [0x00000000dd080000,0x00000000dd4fb218,0x00000000dd500000)
  to   space 8192K, 0% used [0x00000000dda00000,0x00000000dda00000,0x00000000de200000)
 ParOldGen       total 57344K, used 8753K [0x000000008c000000, 0x000000008f800000, 0x00000000d9580000)
  object space 57344K, 15% used [0x000000008c000000,0x000000008c88c798,0x000000008f800000)
 Metaspace       used 34190K, capacity 35322K, committed 35456K, reserved 1079296K
  class space    used 4907K, capacity 5133K, committed 5248K, reserved 1048576K
}
Event: 6.952 GC heap before
{Heap before GC invocations=7 (full 2):
 PSYoungGen      total 65024K, used 4588K [0x00000000d9580000, 0x00000000de200000, 0x0000000100000000)
  eden space 60416K, 0% used [0x00000000d9580000,0x00000000d9580000,0x00000000dd080000)
  from space 4608K, 99% used [0x00000000dd080000,0x00000000dd4fb218,0x00000000dd500000)
  to   space 8192K, 0% used [0x00000000dda00000,0x00000000dda00000,0x00000000de200000)
 ParOldGen       total 57344K, used 8753K [0x000000008c000000, 0x000000008f800000, 0x00000000d9580000)
  object space 57344K, 15% used [0x000000008c000000,0x000000008c88c798,0x000000008f800000)
 Metaspace       used 34190K, capacity 35322K, committed 35456K, reserved 1079296K
  class space    used 4907K, capacity 5133K, committed 5248K, reserved 1048576K
Event: 7.008 GC heap after
Heap after GC invocations=7 (full 2):
 PSYoungGen      total 65024K, used 0K [0x00000000d9580000, 0x00000000de200000, 0x0000000100000000)
  eden space 60416K, 0% used [0x00000000d9580000,0x00000000d9580000,0x00000000dd080000)
  from space 4608K, 0% used [0x00000000dd080000,0x00000000dd080000,0x00000000dd500000)
  to   space 8192K, 0% used [0x00000000dda00000,0x00000000dda00000,0x00000000de200000)
 ParOldGen       total 89600K, used 10864K [0x000000008c000000, 0x0000000091780000, 0x00000000d9580000)
  object space 89600K, 12% used [0x000000008c000000,0x000000008ca9c348,0x0000000091780000)
 Metaspace       used 34190K, capacity 35322K, committed 35456K, reserved 1079296K
  class space    used 4907K, capacity 5133K, committed 5248K, reserved 1048576K
}

